[*] Waiting for messages. To exit press CTRL+C
[✔] Saved file Junior Training Sheet V7.0 - ___READ row 34 to make your own EDITABLE COPY___.xlsx for User 24bb4400-2c45-4811-8d03-642eb72f4467
[✔] Response sent for AnalysisID: 47
[✔] Saved file Junior Training Sheet V7.0 - ___READ row 34 to make your own EDITABLE COPY___.xlsx for User 24bb4400-2c45-4811-8d03-642eb72f4467
[✔] Response sent for AnalysisID: 48
[✔] Saved file Junior Training Sheet V7.0 - ___READ row 34 to make your own EDITABLE COPY___.xlsx for User 24bb4400-2c45-4811-8d03-642eb72f4467
[✔] Response sent for AnalysisID: 49
[✔] Saved file Junior Training Sheet V7.0 - ___READ row 34 to make your own EDITABLE COPY___.xlsx for User 24bb4400-2c45-4811-8d03-642eb72f4467
[✔] Response sent for AnalysisID: 50
[✔] Saved file Junior Training Sheet V7.0 - ___READ row 34 to make your own EDITABLE COPY___.xlsx for User 24bb4400-2c45-4811-8d03-642eb72f4467
[✔] Response sent for AnalysisID: 51
[✔] Saved file Junior Training Sheet V7.0 - ___READ row 34 to make your own EDITABLE COPY___.xlsx for User 24bb4400-2c45-4811-8d03-642eb72f4467
[✔] Response sent for AnalysisID: 52
[✔] Saved file Junior Training Sheet V7.0 - ___READ row 34 to make your own EDITABLE COPY___.xlsx for User 24bb4400-2c45-4811-8d03-642eb72f4467
[✔] Response sent for AnalysisID: 53
[✔] Saved file Junior Training Sheet V7.0 - ___READ row 34 to make your own EDITABLE COPY___.xlsx for User 24bb4400-2c45-4811-8d03-642eb72f4467
[✔] Response sent for AnalysisID: 54
[✔] Saved file Junior Training Sheet V7.0 - ___READ row 34 to make your own EDITABLE COPY___.xlsx for User 24bb4400-2c45-4811-8d03-642eb72f4467
[✔] Response sent for AnalysisID: 55
[*] Waiting for messages. To exit press CTRL+C
[*] Waiting for messages. To exit press CTRL+C
[✔] Saved file ffmpeg.dll for User 24bb4400-2c45-4811-8d03-642eb72f4467
[✔] Response sent for AnalysisID: 58
[*] Waiting for messages. To exit press CTRL+C
[✔] Saved file ffmpeg.dll for User 24bb4400-2c45-4811-8d03-642eb72f4467
[✔] Response sent for AnalysisID: 1
[✔] Saved file CodeForces.bat for User c1b019a5-3df9-4c02-b856-952984adbcf6
[✔] Response sent for AnalysisID: 2
[✔] Saved file CodeForces.bat for User c1b019a5-3df9-4c02-b856-952984adbcf6
[✔] Response sent for AnalysisID: 3
[✔] Saved file CodeForces.bat for User c1b019a5-3df9-4c02-b856-952984adbcf6
[✔] Response sent for AnalysisID: 4
[✔] Saved file CodeForces.bat for User c1b019a5-3df9-4c02-b856-952984adbcf6
[✔] Response sent for AnalysisID: 5
